<?xml version="1.0" encoding="UTF-8"?>
<!-- Generated by org.testng.reporters.JUnitXMLReporter -->
<testsuite hostname="LAPTOP-J0B5PN3J" ignored="0" name="Test" tests="3" failures="0" timestamp="2024-02-24T17:11:04 IST" time="45.068" errors="0">
  <testcase name="@BeforeTest startDockerScale" time="45.023" classname="remoteTesting.dockerValidation.chromeTest1">
    <failure type="java.lang.AssertionError" message="expected [true] but found [false]">
      <![CDATA[java.lang.AssertionError: expected [true] but found [false]
at remoteTesting.dockerValidation.startDocker.startFile(startDocker.java:39)
at remoteTesting.dockerValidation.chromeTest1.startDockerScale(chromeTest1.java:22)
... Removed 32 stack frames]]>
    </failure>
  </testcase> <!-- @BeforeTest startDockerScale -->
  <testcase name="@AfterTest stopDocker" time="-1.708774864627E9" classname="remoteTesting.dockerValidation.chromeTest1">
    <skipped/>
  </testcase> <!-- @AfterTest stopDocker -->
  <testcase name="test3" time="0.0" classname="remoteTesting.dockerValidation.chromeTest3">
    <skipped/>
  </testcase> <!-- test3 -->
  <testcase name="test1" time="0.0" classname="remoteTesting.dockerValidation.chromeTest1">
    <skipped/>
  </testcase> <!-- test1 -->
  <testcase name="test2" time="0.0" classname="remoteTesting.dockerValidation.chromeTest2">
    <skipped/>
  </testcase> <!-- test2 -->
</testsuite> <!-- Test -->
